
SYS:SYS:SYS:Heading:SYS:   ... the command in full is GOTO_MODULE                             
 THERMODYNAMIC DATABASE module
 Database folder: C:\Program Files\Thermo-Calc\2025a\data
 Current database: Steels/Fe-Alloys  v4.1
 
 VA  DEFINED
 IONIC_LIQ:Y  REJECTED
 L12_FCC                 B2_BCC                  B2_VACANCY 
 HIGH_SIGMA  REJECTED
 
 *** WARNING: This database cannot be used with GES6, temporarily reverting to G
 ES5
 
TDB_TCFE4: Current database: Metal Oxide Solutions  v12.0
 
 VA                      /-  DEFINED
 PEROVSKITE:I  REJECTED
TDB_TCOX12: CA                      MG                      AL
 O                       F  DEFINED    
TDB_TCOX12:08:56:58,335 [Thread-0] INFO  JavaWrapper: *** Invoking Gibbs Energy System v6 ***
 REINITIATING GES .....
 ELEMENTS .....
 SPECIES ......
 PHASES .......
   ... the command in full is AMEND_PHASE_DESCRIPTION                 
 Creating a new composition set IONIC_LIQ#2             
   ... the command in full is AMEND_PHASE_DESCRIPTION                 
   ... the command in full is AMEND_PHASE_DESCRIPTION                 
   ... the command in full is AMEND_PHASE_DESCRIPTION                 
   ... the command in full is AMEND_PHASE_DESCRIPTION                 
 MG+2 IN CORUNDUM:I SUBLATTICE   1 REJECTED
 VA IN CORUNDUM:I SUBLATTICE   1 REJECTED
   ... the command in full is AMEND_PHASE_DESCRIPTION                 
   ... the command in full is AMEND_PHASE_DESCRIPTION                 
   ... the command in full is AMEND_PHASE_DESCRIPTION                 
 Creating a new composition set HALITE#2                
 VA IN ALPHA_SPINEL:I SUBLATTICE   2 REJECTED
   ... the command in full is AMEND_PHASE_DESCRIPTION                 
   ... the command in full is AMEND_PHASE_DESCRIPTION                 
 PARAMETERS ...
 FUNCTIONS ....

 Use the command LIST_REFERENCES to see the list of references for assessed data

 -OK-
TDB_TCOX12:TDB_TCOX12:   ... the command in full is GOTO_MODULE                             

 POLY version  3.32
POLY:POLY:   ... the command in full is DEFINE_COMPONENTS                       
POLY:   ... the command in full is SET_CONDITION                           
POLY:   ... the command in full is SET_CONDITION                           
POLY:   ... the command in full is SET_CONDITION                           
POLY:   ... the command in full is SET_CONDITION                           
POLY:   ... the command in full is SET_CONDITION                           
POLY:POLY:Which option? /STEP_AND_MAP/:  Settings for global minimization:
   Use global minimization as much as possible /Y/:    Maximum number of gridpoints per phase /2000/: POLY:POLY: The condition W(CAO)=.11723  created
POLY: The condition W(MGO)=.11723  created
POLY:   ... the command in full is SET_CONDITION                           
POLY:   ... the command in full is SET_CONDITION                           
POLY:Automatic start values for phase constituents? /N/:  Automatic start values will be set
POLY: Normal POLY minimization, not global
 Testing POLY result by global minimization procedure
Calculated         62774 grid points in      0.426 s
   152 ITS,  CPU TIME USED   7 SECONDS
POLY:POLY:POLY:POLY:POLY:POLY: Version S mapping is selected

 Organizing start points

Using ADDED start equilibria

 Tie-lines not in the plane of calculation
 Generating start point   1
 Generating start point   2
 Generating start point   3
 Generating start point   4
 Generating start point   5
 Generating start point   6
 Generating start point   7
 Generating start point   8
 Generating start point   9
 Generating start point  10
 Working hard
 Generating start point  11
 Generating start point  12
 Generating start point  13
 Generating start point  14
 Generating start point  15
 Generating start point  16
 Generating start point  17
 Generating start point  18
 Generating start point  19
 Generating start point  20
 Working hard
 Working hard
 Generating start point  21
 Generating start point  22
 Generating start point  23
 Generating start point  24
 Generating start point  25
 Generating start point  26

 Phase region boundary   1 at:   2.495E-01  2.375E-01
     IONIC_LIQ#2 
     HALITE#1 
  ** SPINEL 
 Calculated.                     11  equilibria

 Phase region boundary   2 at:   2.785E-01  1.625E-01
     IONIC_LIQ#2 
  ** HALITE#1 
  ** SPINEL 

 Phase region boundary   3 at:   2.785E-01  1.625E-01
     IONIC_LIQ#2 
  ** SPINEL 
 Calculated.                     17  equilibria

 Phase region boundary   4 at:   2.487E-01  4.958E-02
     IONIC_LIQ#2 
  ** C1A2 
  ** SPINEL 

 Phase region boundary   5 at:   2.487E-01  4.958E-02
     IONIC_LIQ#2 
     C1A2 
  ** SPINEL 
 Calculated.                      8  equilibria

 Phase region boundary   6 at:   1.953E-01  2.318E-02
     IONIC_LIQ#2 
     C1A2 
  ** C1A8M2 
  ** SPINEL 

 Phase region boundary   7 at:   1.953E-01  2.318E-02
     IONIC_LIQ#2 
     C1A2 
  ** C1A8M2 
 Calculated.                      3  equilibria

 Phase region boundary   8 at:   1.940E-01  1.280E-02
     IONIC_LIQ#2 
     C1A2 
  ** C1A8M2 
  ** C2A14M2 

 Phase region boundary   9 at:   9.530E-02  6.606E-02
     IONIC_LIQ#2 
  ** C1A2 
     C1A8M2 
 Calculated.                      3  equilibria
 Terminating at known equilibrium

 Phase region boundary  10 at:   1.940E-01  1.280E-02
     IONIC_LIQ#2 
     C1A2 
  ** C2A14M2 
 Calculated.                      2  equilibria

 Phase region boundary  11 at:   1.942E-01  1.131E-02
     IONIC_LIQ#2 
     C1A2 
  ** C1A6 
  ** C2A14M2 

 Phase region boundary  12 at:   1.942E-01  1.131E-02
     IONIC_LIQ#2 
     C1A2 
  ** C1A6 
 Calculated                     15  equilibria

 Phase region boundary  13 at:   1.100E-01  1.131E-02
     IONIC_LIQ#2 
  ** C1A2 
     C1A6 
 Calculated                     15  equilibria

 Phase region boundary  14 at:   1.005E-01  4.312E-02
     IONIC_LIQ#2 
  ** C1A2 
     C2A14M2 
 Calculated.                      2  equilibria
 Terminating at known equilibrium

 Phase region boundary  15 at:   1.100E-01  1.131E-02
     IONIC_LIQ#2 
     C1A6 
  ** C2A14M2 
 Calculated.                      6  equilibria

 Phase region boundary  16 at:   7.596E-02  1.020E-02
     IONIC_LIQ#2 
     C1A6 
  ** C2A14M2 
  ** CORUNDUM 

 Phase region boundary  17 at:   6.404E-02  5.042E-02
     IONIC_LIQ#2 
  ** C1A6 
     C2A14M2 
 Calculated.                      6  equilibria
 Terminating at known equilibrium

 Phase region boundary  18 at:   7.596E-02  1.020E-02
     IONIC_LIQ#2 
     C1A6 
  ** CORUNDUM 
 Calculated                     22  equilibria

 Phase region boundary  19 at:   8.075E-03  1.020E-02
     IONIC_LIQ#2 
  ** C1A6 
     CORUNDUM 
 Calculated                     11  equilibria

 Phase region boundary  20 at:   6.404E-02  5.042E-02
     IONIC_LIQ#2 
     C2A14M2 
  ** CORUNDUM 
 Calculated.                      2  equilibria

 Phase region boundary  21 at:   6.236E-02  5.185E-02
     IONIC_LIQ#2 
  ** C1A8M2 
     C2A14M2 
  ** CORUNDUM 

 Phase region boundary  22 at:   5.397E-02  8.015E-02
     IONIC_LIQ#2 
     C1A8M2 
  ** C2A14M2 
 Calculated.                      7  equilibria
 Terminating at known equilibrium

 Phase region boundary  23 at:   6.236E-02  5.185E-02
     IONIC_LIQ#2 
  ** C1A8M2 
     C2A14M2 
 Calculated.                      6  equilibria
 Terminating at known equilibrium

 Phase region boundary  24 at:   5.397E-02  8.015E-02
     IONIC_LIQ#2 
     C1A8M2 
  ** CORUNDUM 
 Calculated.                      2  equilibria

 Phase region boundary  25 at:   4.963E-02  8.360E-02
     IONIC_LIQ#2 
     C1A8M2 
  ** CORUNDUM 
  ** SPINEL 

 Phase region boundary  26 at:   1.266E-03  1.408E-02
     IONIC_LIQ#2 
  ** C1A8M2 
     CORUNDUM 
 Calculated.                      2  equilibria
 Terminating at known equilibrium

 Phase region boundary  27 at:   4.963E-02  8.360E-02
     IONIC_LIQ#2 
     C1A8M2 
  ** SPINEL 
 Calculated.                     10  equilibria
 Terminating at known equilibrium

 Phase region boundary  28 at:   1.267E-03  1.462E-01
     IONIC_LIQ#2 
  ** C1A8M2 
     SPINEL 
 Calculated.                     19  equilibria
 Terminating at known equilibrium

 Phase region boundary  29 at:   1.266E-03  1.408E-02
     IONIC_LIQ#2 
     CORUNDUM 
  ** SPINEL 
 Calculated                     12  equilibria

 Phase region boundary  30 at:   1.267E-03  1.462E-01
     IONIC_LIQ#2 
  ** CORUNDUM 
     SPINEL 
 Calculated                     10  equilibria

 Phase region boundary  31 at:   6.205E-03  1.149E-02
     IONIC_LIQ#2 
  ** C2A14M2 
     CORUNDUM 
 Calculated.                      2  equilibria
 Terminating at known equilibrium

 Phase region boundary  32 at:   7.704E-02  1.604E-01
     IONIC_LIQ#2 
  ** C1A2 
     SPINEL 
 Calculated.                     23  equilibria
 Terminating at known equilibrium

 Phase region boundary  33 at:   2.487E-01  4.958E-02
     IONIC_LIQ#2 
  ** C1A2 
 Calculated                     21  equilibria

 Phase region boundary  34 at:   2.785E-01  1.625E-01
     IONIC_LIQ#2 
  ** HALITE#1 
 Calculated.                     37  equilibria

 Phase region boundary  35 at:   5.115E-01  1.006E-01
     IONIC_LIQ#2 
  ** HALITE#1 
  ** HALITE#2 

 Phase region boundary  36 at:   5.115E-01  1.006E-01
     IONIC_LIQ#2 
  ** HALITE#1 
     HALITE#2 
 Calculated                     65  equilibria

 Phase region boundary  37 at:   5.115E-01  1.006E-01
     IONIC_LIQ#2 
  ** HALITE#2 
 Calculated                     35  equilibria

 Phase region boundary  38 at:   5.115E-01  1.006E-01
     IONIC_LIQ#2 
     HALITE#1 
  ** HALITE#2 
 Calculated                    135  equilibria

 Phase region boundary  39 at:   2.785E-01  1.625E-01
     IONIC_LIQ#2 
  ** HALITE#1 
     SPINEL 
 Calculated..                     36  equilibria
 Terminating at axis limit.

 Phase region boundary  40 at:   2.785E-01  1.625E-01
     IONIC_LIQ#2 
     HALITE#1 
  ** SPINEL 
 Calculated..                     91  equilibria
 Terminating at axis limit.

 Phase region boundary  41 at:   2.495E-01  2.375E-01
     IONIC_LIQ#2 
     HALITE#1 
  ** SPINEL 
 Calculated..                     82  equilibria
 Terminating at known equilibrium
 Terminating at axis limit.

 Phase region boundary  42 at:   1.270E-01  2.375E-01
     IONIC_LIQ#2 
  ** HALITE#1 
     SPINEL 
 Calculated.                     20  equilibria
 Terminating at known equilibrium

 Phase region boundary  43 at:   1.270E-01  2.375E-01
     IONIC_LIQ#2 
  ** HALITE#1 
     SPINEL 
 Calculated..                     17  equilibria
 Terminating at known equilibrium
 Terminating at axis limit.

 Phase region boundary  44 at:   2.375E-01  2.684E-01
     IONIC_LIQ#2 
     HALITE#1 
  ** SPINEL 
 Calculated                    134  equilibria

 Phase region boundary  45 at:   2.375E-01  2.684E-01
     IONIC_LIQ#2 
     HALITE#1 
  ** SPINEL 
 Calculated.                     22  equilibria
 Terminating at known equilibrium

 Phase region boundary  46 at:   1.267E-03  5.811E-02
     IONIC_LIQ#2 
  ** C1A8M2 
     CORUNDUM 
     SPINEL 
 Calculated.                      7  equilibria
 Terminating at known equilibrium

 Phase region boundary  47 at:   1.267E-03  5.811E-02
     IONIC_LIQ#2 
  ** C1A8M2 
     CORUNDUM 
     SPINEL 
 Calculated.                     13  equilibria
 Terminating at known equilibrium

 Phase region boundary  48 at:   3.190E-02  5.811E-02
     IONIC_LIQ#2 
     C1A8M2 
     CORUNDUM 
  ** SPINEL 
 Calculated.                      7  equilibria
 Terminating at known equilibrium

 Phase region boundary  49 at:   3.190E-02  5.811E-02
     IONIC_LIQ#2 
     C1A8M2 
     CORUNDUM 
  ** SPINEL 
 Calculated.                      5  equilibria
 Terminating at known equilibrium

 Phase region boundary  50 at:   3.864E-02  5.811E-02
     IONIC_LIQ#2 
     C1A8M2 
  ** C2A14M2 
     CORUNDUM 
 Calculated.                      7  equilibria
 Terminating at known equilibrium

 Phase region boundary  51 at:   3.864E-02  5.811E-02
     IONIC_LIQ#2 
     C1A8M2 
  ** C2A14M2 
     CORUNDUM 
 Calculated.                      4  equilibria
 Terminating at known equilibrium

 Phase region boundary  52 at:   6.050E-02  5.811E-02
     IONIC_LIQ#2 
     C1A8M2 
     C2A14M2 
  ** CORUNDUM 
 Calculated.                      2  equilibria
 Terminating at known equilibrium

 Phase region boundary  53 at:   6.050E-02  5.811E-02
     IONIC_LIQ#2 
     C1A8M2 
     C2A14M2 
  ** CORUNDUM 
 Calculated.                      4  equilibria
 Terminating at known equilibrium

 Phase region boundary  54 at:   9.766E-02  5.811E-02
     IONIC_LIQ#2 
  ** C1A2 
     C1A8M2 
     C2A14M2 
 Calculated.                      3  equilibria
 Terminating at known equilibrium

 Phase region boundary  55 at:   9.766E-02  5.811E-02
     IONIC_LIQ#2 
  ** C1A2 
     C1A8M2 
     C2A14M2 
 Calculated.                      3  equilibria
 Terminating at known equilibrium

 Phase region boundary  56 at:   1.100E-01  5.811E-02
     IONIC_LIQ#2 
     C1A2 
     C1A8M2 
  ** C2A14M2 
 Calculated.                     13  equilibria
 Terminating at known equilibrium

 Phase region boundary  57 at:   1.100E-01  5.811E-02
     IONIC_LIQ#2 
     C1A2 
     C1A8M2 
  ** C2A14M2 
 Calculated.                      3  equilibria
 Terminating at known equilibrium

 Phase region boundary  58 at:   1.306E-01  5.811E-02
     IONIC_LIQ#2 
     C1A2 
     C1A8M2 
  ** SPINEL 
 Calculated.                     10  equilibria
 Terminating at known equilibrium

 Phase region boundary  59 at:   1.306E-01  5.811E-02
     IONIC_LIQ#2 
     C1A2 
     C1A8M2 
  ** SPINEL 
 Calculated.                      4  equilibria
 Terminating at known equilibrium

 Phase region boundary  60 at:   1.652E-01  5.811E-02
     IONIC_LIQ#2 
     C1A2 
  ** C1A8M2 
     SPINEL 
 Calculated.                      6  equilibria
 Terminating at known equilibrium

 Phase region boundary  61 at:   1.652E-01  5.811E-02
     IONIC_LIQ#2 
     C1A2 
  ** C1A8M2 
     SPINEL 
 Calculated.                     14  equilibria
 Terminating at known equilibrium

 Phase region boundary  62 at:   2.375E-01  5.817E-02
     IONIC_LIQ#2 
  ** C1A2 
     SPINEL 
 Calculated.                     22  equilibria
 Terminating at known equilibrium

 Phase region boundary  63 at:   2.375E-01  5.817E-02
     IONIC_LIQ#2 
  ** C1A2 
     SPINEL 
 Calculated.                      3  equilibria
 Terminating at known equilibrium

 Phase region boundary  64 at:   2.375E-01  1.829E-01
     IONIC_LIQ#2 
  ** HALITE#1 
     SPINEL 
 Calculated                     52  equilibria

 Phase region boundary  65 at:   2.375E-01  1.829E-01
     IONIC_LIQ#2 
  ** HALITE#1 
     SPINEL 
 Calculated.                      7  equilibria
 Terminating at known equilibrium
 *** BUFFER SAVED ON FILE: C:\Users\ELANOR\Documents\ThermoCalc_OpenClaw\oxide_macros_tcox12\maps\CAMA_5CAF2\CAMA_5CAF2.POLY3
 CPU time for mapping                    33  seconds
POLY:  POLY-3 POSTPROCESSOR VERSION 3.2

 Setting automatic diagram axes 

POST:  No such command, use HELP
POST: NOT A RECOGNIZED OUTPUT FORMAT!
POST:POLY: CPU time                     51  seconds
WARN StatusConsoleListener Unable to register Log4j shutdown hook because JVM is shutting down. Using SimpleLogger
