
SYS:SYS:SYS:Heading:SYS:   ... the command in full is GOTO_MODULE                             
 THERMODYNAMIC DATABASE module
 Database folder: C:\Program Files\Thermo-Calc\2025a\data
 Current database: Steels/Fe-Alloys  v4.1
 
 VA  DEFINED
 IONIC_LIQ:Y  REJECTED
 L12_FCC                 B2_BCC                  B2_VACANCY 
 HIGH_SIGMA  REJECTED
 
 *** WARNING: This database cannot be used with GES6, temporarily reverting to G
 ES5
 
TDB_TCFE4: Current database: Metal Oxide Solutions  v12.0
 
 VA                      /-  DEFINED
 PEROVSKITE:I  REJECTED
TDB_TCOX12: CA                      MG                      AL
 O                       F                       SI
   DEFINED    
TDB_TCOX12:09:21:10,194 [Thread-0] INFO  JavaWrapper: *** Invoking Gibbs Energy System v6 ***
 REINITIATING GES .....
 ELEMENTS .....
 SPECIES ......
 PHASES .......
   ... the command in full is AMEND_PHASE_DESCRIPTION                 
 Creating a new composition set IONIC_LIQ#2             
   ... the command in full is AMEND_PHASE_DESCRIPTION                 
 Creating a new composition set IONIC_LIQ#3             
   ... the command in full is AMEND_PHASE_DESCRIPTION                 
   ... the command in full is AMEND_PHASE_DESCRIPTION                 
   ... the command in full is AMEND_PHASE_DESCRIPTION                 
   ... the command in full is AMEND_PHASE_DESCRIPTION                 
 AL+3 IN QUARTZ:I SUBLATTICE   1 REJECTED
 AL+3 IN TRIDYMITE:I SUBLATTICE   1 REJECTED
 AL+3 IN CRISTOBALITE:I SUBLATTICE   1 REJECTED
 VA IN CA2SIO4_ALPHA_A:I SUBLATTICE   2 REJECTED
 VA IN CA2SIO4_ALPHA_PRIME:I SUBLATTICE   2 REJECTED
 VA IN HATRURITE:I SUBLATTICE   1 REJECTED
 SI+4 IN ANORTHITE:I SUBLATTICE   3 REJECTED
 MG+2 IN GARNET:I SUBLATTICE   2 REJECTED
 AL+3 IN GARNET:I SUBLATTICE   3 REJECTED
 MG+2 IN CORUNDUM:I SUBLATTICE   1 REJECTED
 VA IN CORUNDUM:I SUBLATTICE   1 REJECTED
   ... the command in full is AMEND_PHASE_DESCRIPTION                 
   ... the command in full is AMEND_PHASE_DESCRIPTION                 
   ... the command in full is AMEND_PHASE_DESCRIPTION                 
 Creating a new composition set HALITE#2                
 VA IN ALPHA_SPINEL:I SUBLATTICE   2 REJECTED
   ... the command in full is AMEND_PHASE_DESCRIPTION                 
   ... the command in full is AMEND_PHASE_DESCRIPTION                 
 AL+3 IN ALPO4_S1:I SUBLATTICE   1 REJECTED
 AL+3 IN ALPO4_S2:I SUBLATTICE   1 REJECTED
 AL+3 IN ALPO4_S3:I SUBLATTICE   1 REJECTED
 VA IN CA3P2O8_A:I SUBLATTICE   2 REJECTED
 PARAMETERS ...
 FUNCTIONS ....

 Use the command LIST_REFERENCES to see the list of references for assessed data

 -OK-
TDB_TCOX12:TDB_TCOX12:   ... the command in full is GOTO_MODULE                             

 POLY version  3.32
POLY:POLY:   ... the command in full is DEFINE_COMPONENTS                       
POLY:   ... the command in full is SET_CONDITION                           
POLY:   ... the command in full is SET_CONDITION                           
POLY:   ... the command in full is SET_CONDITION                           
POLY:   ... the command in full is SET_CONDITION                           
POLY:   ... the command in full is SET_CONDITION                           
POLY:   ... the command in full is SET_CONDITION                           
POLY:POLY:Which option? /STEP_AND_MAP/:  Settings for global minimization:
   Use global minimization as much as possible /Y/:    Maximum number of gridpoints per phase /2000/: POLY:POLY: The condition W(CAO)=.10489  created
POLY: The condition W(MGO)=.10489  created
POLY:   ... the command in full is SET_CONDITION                           
POLY:   ... the command in full is SET_CONDITION                           
POLY:Automatic start values for phase constituents? /N/:  Automatic start values will be set
POLY: Normal POLY minimization, not global
 Testing POLY result by global minimization procedure
Calculated         93106 grid points in      0.409 s
   143 ITS,  CPU TIME USED   8 SECONDS
POLY:POLY:POLY:POLY:POLY:POLY: Version S mapping is selected

 Organizing start points

Using ADDED start equilibria

 Tie-lines not in the plane of calculation
 Generating start point   1
 Generating start point   2
 Generating start point   3
 Generating start point   4
 Generating start point   5
 Generating start point   6
 Generating start point   7
 Generating start point   8
 Generating start point   9
 Generating start point  10
 Working hard
 Working hard
 Working hard

 Phase region boundary   1 at:   2.762E-01  2.125E-01
     IONIC_LIQ#2 
     HALITE#2 
  ** SPINEL 
 Calculated.                      4  equilibria

 Phase region boundary   2 at:   2.826E-01  1.965E-01
     IONIC_LIQ#2 
  ** HALITE#2 
  ** SPINEL 

 Phase region boundary   3 at:   2.826E-01  1.965E-01
     IONIC_LIQ#2 
  ** SPINEL 
 Calculated.                     35  equilibria

 Phase region boundary   4 at:   1.954E-01  3.442E-02
     IONIC_LIQ#2 
  ** C1A8M2 
  ** SPINEL 

 Phase region boundary   5 at:   1.954E-01  3.442E-02
     IONIC_LIQ#2 
     C1A8M2 
  ** SPINEL 
 Calculated.                     16  equilibria

 Phase region boundary   6 at:   9.438E-02  6.109E-02
     IONIC_LIQ#2 
     C1A8M2 
  ** CORUNDUM 
  ** SPINEL 

 Phase region boundary   7 at:   9.438E-02  6.109E-02
     IONIC_LIQ#2 
     C1A8M2 
     CORUNDUM 
  ** SPINEL 
 Calculated.                      7  equilibria
 Terminating at known equilibrium

 Phase region boundary   8 at:   9.438E-02  6.109E-02
     IONIC_LIQ#2 
     C1A8M2 
  ** CORUNDUM 
 Calculated.                      4  equilibria

 Phase region boundary   9 at:   1.116E-01  4.897E-02
     IONIC_LIQ#2 
     C1A8M2 
  ** C2A14M2 
  ** CORUNDUM 

 Phase region boundary  10 at:   1.116E-01  4.897E-02
     IONIC_LIQ#2 
     C1A8M2 
     C2A14M2 
  ** CORUNDUM 
 Calculated.                      3  equilibria
 Terminating at known equilibrium

 Phase region boundary  11 at:   1.116E-01  4.897E-02
     IONIC_LIQ#2 
     C1A8M2 
  ** C2A14M2 
 Calculated.                     13  equilibria

 Phase region boundary  12 at:   1.897E-01  2.141E-02
     IONIC_LIQ#2 
  ** C1A8M2 
  ** C2A14M2 

 Phase region boundary  13 at:   1.897E-01  2.141E-02
     IONIC_LIQ#2 
  ** C2A14M2 
 Calculated.                      2  equilibria

 Phase region boundary  14 at:   1.898E-01  1.914E-02
     IONIC_LIQ#2 
  ** C1A6 
  ** C2A14M2 

 Phase region boundary  15 at:   1.898E-01  1.914E-02
     IONIC_LIQ#2 
     C1A6 
  ** C2A14M2 
 Calculated.                     11  equilibria

 Phase region boundary  16 at:   1.249E-01  2.172E-02
     IONIC_LIQ#2 
     C1A6 
  ** C2A14M2 
  ** CORUNDUM 

 Phase region boundary  17 at:   1.249E-01  2.172E-02
     IONIC_LIQ#2 
     C1A6 
  ** C2A14M2 
     CORUNDUM 
 Calculated.                      5  equilibria
 Terminating at known equilibrium

 Phase region boundary  18 at:   1.249E-01  2.172E-02
     IONIC_LIQ#2 
     C1A6 
  ** CORUNDUM 
 Calculated                     22  equilibria

 Phase region boundary  19 at:   1.249E-01  2.172E-02
     IONIC_LIQ#2 
     C1A6 
     C2A14M2 
  ** CORUNDUM 
 Calculated.                      3  equilibria
 Terminating at known equilibrium

 Phase region boundary  20 at:   1.898E-01  1.914E-02
     IONIC_LIQ#2 
  ** C1A6 
 Calculated                     15  equilibria

 Phase region boundary  21 at:   1.898E-01  1.914E-02
     IONIC_LIQ#2 
  ** C1A6 
     C2A14M2 
 Calculated.                     11  equilibria
 Terminating at known equilibrium

 Phase region boundary  22 at:   1.897E-01  2.141E-02
     IONIC_LIQ#2 
  ** C1A8M2 
 Calculated.                     11  equilibria
 Terminating at known equilibrium

 Phase region boundary  23 at:   1.897E-01  2.141E-02
     IONIC_LIQ#2 
  ** C1A8M2 
     C2A14M2 
 Calculated.                     12  equilibria
 Terminating at known equilibrium

 Phase region boundary  24 at:   1.116E-01  4.897E-02
     IONIC_LIQ#2 
     C1A8M2 
  ** C2A14M2 
     CORUNDUM 
 Calculated.                      6  equilibria
 Terminating at known equilibrium

 Phase region boundary  25 at:   9.438E-02  6.109E-02
     IONIC_LIQ#2 
     C1A8M2 
  ** CORUNDUM 
     SPINEL 
 Calculated.                      6  equilibria
 Terminating at known equilibrium

 Phase region boundary  26 at:   1.954E-01  3.442E-02
     IONIC_LIQ#2 
  ** C1A8M2 
     SPINEL 
 Calculated.                     19  equilibria
 Terminating at known equilibrium

 Phase region boundary  27 at:   2.826E-01  1.965E-01
     IONIC_LIQ#2 
  ** HALITE#2 
 Calculated.                     45  equilibria

 Phase region boundary  28 at:   5.381E-01  9.620E-02
     IONIC_LIQ#2 
  ** HALITE#1 
  ** HALITE#2 

 Phase region boundary  29 at:   5.381E-01  9.620E-02
     IONIC_LIQ#2 
     HALITE#1 
  ** HALITE#2 
 Calculated.                     36  equilibria

 Phase region boundary  30 at:   7.853E-01  4.721E-02
     IONIC_LIQ#2 
     HALITE#1 
  ** HALITE#2 
  ** HATRURITE 

 Phase region boundary  31 at:   7.853E-01  4.721E-02
     IONIC_LIQ#2 
     HALITE#1 
  ** HALITE#2 
     HATRURITE 
 Calculated                     24  equilibria

 Phase region boundary  32 at:   7.853E-01  4.721E-02
     IONIC_LIQ#2 
     HALITE#1 
  ** HATRURITE 
 Calculated                     24  equilibria

 Phase region boundary  33 at:   7.853E-01  4.721E-02
     IONIC_LIQ#2 
     HALITE#1 
     HALITE#2 
  ** HATRURITE 
 Calculated.                     78  equilibria
 Terminating at known equilibrium

 Phase region boundary  34 at:   5.381E-01  9.620E-02
     IONIC_LIQ#2 
  ** HALITE#1 
 Calculated                     33  equilibria

 Phase region boundary  35 at:   5.381E-01  9.620E-02
     IONIC_LIQ#2 
  ** HALITE#1 
     HALITE#2 
 Calculated.                     84  equilibria
 Terminating at known equilibrium

 Phase region boundary  36 at:   2.826E-01  1.965E-01
     IONIC_LIQ#2 
  ** HALITE#2 
     SPINEL 
 Calculated..                     50  equilibria
 Terminating at axis limit.

 Phase region boundary  37 at:   2.826E-01  1.965E-01
     IONIC_LIQ#2 
     HALITE#2 
  ** SPINEL 
 Calculated..                     77  equilibria
 Terminating at axis limit.

 Phase region boundary  38 at:   2.762E-01  2.125E-01
     IONIC_LIQ#2 
     HALITE#2 
  ** SPINEL 
 Calculated..                     75  equilibria
 Terminating at known equilibrium
 Terminating at axis limit.

 Phase region boundary  39 at:   2.503E-01  2.125E-01
     IONIC_LIQ#2 
  ** HALITE#2 
     SPINEL 
 Calculated.                      6  equilibria
 Terminating at known equilibrium

 Phase region boundary  40 at:   2.503E-01  2.125E-01
     IONIC_LIQ#2 
  ** HALITE#2 
     SPINEL 
 Calculated..                     46  equilibria
 Terminating at known equilibrium
 Terminating at axis limit.

 Phase region boundary  41 at:   2.125E-01  3.673E-01
     IONIC_LIQ#2 
     HALITE#2 
  ** SPINEL 
 Calculated                     81  equilibria

 Phase region boundary  42 at:   2.125E-01  3.673E-01
     IONIC_LIQ#2 
     HALITE#2 
  ** SPINEL 
 Calculated.                     40  equilibria
 Terminating at known equilibrium

 Phase region boundary  43 at:   2.125E-01  2.315E-01
     IONIC_LIQ#2 
  ** HALITE#2 
     SPINEL 
 Calculated..                     39  equilibria
 Terminating at known equilibrium
 Terminating at axis limit.

 Phase region boundary  44 at:   2.125E-01  2.315E-01
     IONIC_LIQ#2 
  ** HALITE#2 
     SPINEL 
 Calculated.                     11  equilibria
 Terminating at known equilibrium

 Phase region boundary  45 at:   2.125E-01  3.767E-02
     IONIC_LIQ#2 
  ** SPINEL 
 Calculated.                      4  equilibria
 Terminating at known equilibrium

 Phase region boundary  46 at:   2.125E-01  3.767E-02
     IONIC_LIQ#2 
  ** SPINEL 
 Calculated.                     35  equilibria
 Terminating at known equilibrium
 *** BUFFER SAVED ON FILE: C:\Users\ELANOR\Documents\ThermoCalc_OpenClaw\oxide_macros_tcox12\maps\CAMA_5CAF2_10SIO2\CAMA_5CAF2_10SIO2.POLY3
 CPU time for mapping                    59  seconds
POLY:  POLY-3 POSTPROCESSOR VERSION 3.2

 Setting automatic diagram axes 

POST:  No such command, use HELP
POST: NOT A RECOGNIZED OUTPUT FORMAT!
POST:POLY: CPU time                     79  seconds
WARN StatusConsoleListener Unable to register Log4j shutdown hook because JVM is shutting down. Using SimpleLogger
